<?xml version="1.0" encoding="UTF-8"?>
<!-- Generated by org.testng.reporters.JUnitReportReporter -->
<testsuite skipped="0" hostname="hp-PC" name="testPages.TestLoginPage" tests="1" failures="0" timestamp="19 Jan 2019 06:13:06 GMT" time="16.830" errors="0">
  <testcase name="dologinTest" time="16.830" classname="testPages.TestLoginPage"/>
</testsuite> <!-- testPages.TestLoginPage -->
