<?xml version="1.0" encoding="UTF-8"?>
<!-- Generated by org.testng.reporters.JUnitReportReporter -->
<testsuite skipped="0" hostname="hp-PC" name="testPages.TestHomePage" tests="2" failures="0" timestamp="19 Jan 2019 06:13:06 GMT" time="17.043" errors="0">
  <testcase name="verifyLoginPageNavigation" time="13.273" classname="testPages.TestHomePage"/>
  <testcase name="verifyContactsPageNavigation" time="3.770" classname="testPages.TestHomePage"/>
</testsuite> <!-- testPages.TestHomePage -->
