<?xml version="1.0" encoding="UTF-8"?>
<!-- Generated by org.testng.reporters.JUnitReportReporter -->
<testsuite skipped="0" hostname="hp-PC" name="testPages.TestHomePage" tests="2" failures="0" timestamp="12 Jan 2019 12:07:33 GMT" time="2.877" errors="0">
  <testcase name="verifyLoginPageNavigation" time="1.434" classname="testPages.TestHomePage"/>
  <testcase name="verifyContactsPageNavigation" time="1.443" classname="testPages.TestHomePage"/>
</testsuite> <!-- testPages.TestHomePage -->
