<?xml version="1.0" encoding="UTF-8"?>
<!-- Generated by org.testng.reporters.JUnitReportReporter -->
<testsuite skipped="0" hostname="hp-PC" name="testPages.TestLoginPage" tests="1" failures="0" timestamp="12 Jan 2019 12:07:33 GMT" time="1.106" errors="0">
  <testcase name="dologinTest" time="1.106" classname="testPages.TestLoginPage"/>
</testsuite> <!-- testPages.TestLoginPage -->
